<?xml version="1.0" encoding="UTF-8"?>
<testsuite xmlns:xsi="http://www.w3.org/2001/XMLSchema-instance" xsi:noNamespaceSchemaLocation="https://maven.apache.org/surefire/maven-surefire-plugin/xsd/surefire-test-report-3.0.xsd" version="3.0" name="com.lord.arbam.ArbamApplicationTests" time="5.201" tests="1" errors="0" skipped="0" failures="0">
  <properties>
[...]
</properties>
  <testcase name="contextLoads" classname="com.lord.arbam.ArbamApplicationTests" time="0.399">
    <system-out><![CDATA[10:36:25.358 [main] INFO org.springframework.test.context.support.AnnotationConfigContextLoaderUtils -- Could not detect default configuration classes for test class [com.lord.arbam.ArbamApplicationTests]: ArbamApplicationTests does not declare any static, non-private, non-final, nested classes annotated with @Configuration.
10:36:25.455 [main] INFO org.springframework.boot.test.context.SpringBootTestContextBootstrapper -- Found @SpringBootConfiguration com.lord.arbam.ArbamApplication for test class com.lord.arbam.ArbamApplicationTests
10:36:25.583 [main] INFO org.springframework.boot.devtools.restart.RestartApplicationListener -- Restart disabled due to context in which it is running

  .   ____          _            __ _ _
 /\\ / ___'_ __ _ _(_)_ __  __ _ \ \ \ \
( ( )\___ | '_ | '_| | '_ \/ _` | \ \ \ \
 \\/  ___)| |_)| | | | | || (_| |  ) ) ) )
  '  |____| .__|_| |_|_| |_\__, | / / / /
 =========|_|==============|___/=/_/_/_/
 :: Spring Boot ::                (v3.1.5)

2023-12-02T10:36:25.772-04:00  INFO 8484 --- [           main] com.lord.arbam.ArbamApplicationTests     : Starting ArbamApplicationTests using Java 17.0.7 with PID 8484 (started by baron1 in D:\workspaces\arbam-app-workspace\arbam)
2023-12-02T10:36:25.773-04:00  INFO 8484 --- [           main] com.lord.arbam.ArbamApplicationTests     : No active profile set, falling back to 1 default profile: "default"
2023-12-02T10:36:26.357-04:00  INFO 8484 --- [           main] .s.d.r.c.RepositoryConfigurationDelegate : Bootstrapping Spring Data JPA repositories in DEFAULT mode.
2023-12-02T10:36:26.472-04:00  INFO 8484 --- [           main] .s.d.r.c.RepositoryConfigurationDelegate : Finished Spring Data repository scanning in 108 ms. Found 16 JPA repository interfaces.
2023-12-02T10:36:26.882-04:00  INFO 8484 --- [           main] o.hibernate.jpa.internal.util.LogHelper  : HHH000204: Processing PersistenceUnitInfo [name: default]
2023-12-02T10:36:26.930-04:00  INFO 8484 --- [           main] org.hibernate.Version                    : HHH000412: Hibernate ORM core version 6.2.13.Final
2023-12-02T10:36:26.931-04:00  INFO 8484 --- [           main] org.hibernate.cfg.Environment            : HHH000406: Using bytecode reflection optimizer
2023-12-02T10:36:27.197-04:00  INFO 8484 --- [           main] o.s.o.j.p.SpringPersistenceUnitInfo      : No LoadTimeWeaver setup: ignoring JPA class transformer
2023-12-02T10:36:27.218-04:00  INFO 8484 --- [           main] com.zaxxer.hikari.HikariDataSource       : HikariPool-1 - Starting...
2023-12-02T10:36:27.401-04:00  INFO 8484 --- [           main] com.zaxxer.hikari.pool.HikariPool        : HikariPool-1 - Added connection org.postgresql.jdbc.PgConnection@56835f2f
2023-12-02T10:36:27.403-04:00  INFO 8484 --- [           main] com.zaxxer.hikari.HikariDataSource       : HikariPool-1 - Start completed.
2023-12-02T10:36:28.395-04:00  INFO 8484 --- [           main] o.h.e.t.j.p.i.JtaPlatformInitiator       : HHH000489: No JTA platform available (set 'hibernate.transaction.jta.platform' to enable JTA platform integration)
2023-12-02T10:36:28.409-04:00  WARN 8484 --- [           main] o.h.engine.jdbc.spi.SqlExceptionHelper   : SQL Warning Code: 0, SQLState: 00000
2023-12-02T10:36:28.409-04:00  WARN 8484 --- [           main] o.h.engine.jdbc.spi.SqlExceptionHelper   : no existe la relación «employee_working_day_junction», omitiendo
2023-12-02T10:36:28.410-04:00  WARN 8484 --- [           main] o.h.engine.jdbc.spi.SqlExceptionHelper   : SQL Warning Code: 0, SQLState: 00000
2023-12-02T10:36:28.410-04:00  WARN 8484 --- [           main] o.h.engine.jdbc.spi.SqlExceptionHelper   : no existe la relación «employee_working_day_junction», omitiendo
2023-12-02T10:36:28.410-04:00  WARN 8484 --- [           main] o.h.engine.jdbc.spi.SqlExceptionHelper   : SQL Warning Code: 0, SQLState: 00000
2023-12-02T10:36:28.410-04:00  WARN 8484 --- [           main] o.h.engine.jdbc.spi.SqlExceptionHelper   : no existe la relación «employees», omitiendo
2023-12-02T10:36:28.411-04:00  WARN 8484 --- [           main] o.h.engine.jdbc.spi.SqlExceptionHelper   : SQL Warning Code: 0, SQLState: 00000
2023-12-02T10:36:28.411-04:00  WARN 8484 --- [           main] o.h.engine.jdbc.spi.SqlExceptionHelper   : no existe la relación «ingredient», omitiendo
2023-12-02T10:36:28.411-04:00  WARN 8484 --- [           main] o.h.engine.jdbc.spi.SqlExceptionHelper   : SQL Warning Code: 0, SQLState: 00000
2023-12-02T10:36:28.411-04:00  WARN 8484 --- [           main] o.h.engine.jdbc.spi.SqlExceptionHelper   : no existe la relación «ingredient_mixes», omitiendo
2023-12-02T10:36:28.412-04:00  WARN 8484 --- [           main] o.h.engine.jdbc.spi.SqlExceptionHelper   : SQL Warning Code: 0, SQLState: 00000
2023-12-02T10:36:28.412-04:00  WARN 8484 --- [           main] o.h.engine.jdbc.spi.SqlExceptionHelper   : no existe la relación «ingredient_mixes», omitiendo
2023-12-02T10:36:28.413-04:00  WARN 8484 --- [           main] o.h.engine.jdbc.spi.SqlExceptionHelper   : SQL Warning Code: 0, SQLState: 00000
2023-12-02T10:36:28.413-04:00  WARN 8484 --- [           main] o.h.engine.jdbc.spi.SqlExceptionHelper   : no existe la relación «products», omitiendo
2023-12-02T10:36:28.413-04:00  WARN 8484 --- [           main] o.h.engine.jdbc.spi.SqlExceptionHelper   : SQL Warning Code: 0, SQLState: 00000
2023-12-02T10:36:28.413-04:00  WARN 8484 --- [           main] o.h.engine.jdbc.spi.SqlExceptionHelper   : no existe la relación «products», omitiendo
2023-12-02T10:36:28.413-04:00  WARN 8484 --- [           main] o.h.engine.jdbc.spi.SqlExceptionHelper   : SQL Warning Code: 0, SQLState: 00000
2023-12-02T10:36:28.413-04:00  WARN 8484 --- [           main] o.h.engine.jdbc.spi.SqlExceptionHelper   : no existe la relación «products», omitiendo
2023-12-02T10:36:28.414-04:00  WARN 8484 --- [           main] o.h.engine.jdbc.spi.SqlExceptionHelper   : SQL Warning Code: 0, SQLState: 00000
2023-12-02T10:36:28.414-04:00  WARN 8484 --- [           main] o.h.engine.jdbc.spi.SqlExceptionHelper   : no existe la relación «resto_tables», omitiendo
2023-12-02T10:36:28.414-04:00  WARN 8484 --- [           main] o.h.engine.jdbc.spi.SqlExceptionHelper   : SQL Warning Code: 0, SQLState: 00000
2023-12-02T10:36:28.415-04:00  WARN 8484 --- [           main] o.h.engine.jdbc.spi.SqlExceptionHelper   : no existe la relación «tables_closed», omitiendo
2023-12-02T10:36:28.415-04:00  WARN 8484 --- [           main] o.h.engine.jdbc.spi.SqlExceptionHelper   : SQL Warning Code: 0, SQLState: 00000
2023-12-02T10:36:28.415-04:00  WARN 8484 --- [           main] o.h.engine.jdbc.spi.SqlExceptionHelper   : no existe la relación «tables_orders», omitiendo
2023-12-02T10:36:28.415-04:00  WARN 8484 --- [           main] o.h.engine.jdbc.spi.SqlExceptionHelper   : SQL Warning Code: 0, SQLState: 00000
2023-12-02T10:36:28.415-04:00  WARN 8484 --- [           main] o.h.engine.jdbc.spi.SqlExceptionHelper   : no existe la relación «tables_orders», omitiendo
2023-12-02T10:36:28.416-04:00  WARN 8484 --- [           main] o.h.engine.jdbc.spi.SqlExceptionHelper   : SQL Warning Code: 0, SQLState: 00000
2023-12-02T10:36:28.416-04:00  WARN 8484 --- [           main] o.h.engine.jdbc.spi.SqlExceptionHelper   : no existe la relación «user_role_junction», omitiendo
2023-12-02T10:36:28.416-04:00  WARN 8484 --- [           main] o.h.engine.jdbc.spi.SqlExceptionHelper   : SQL Warning Code: 0, SQLState: 00000
2023-12-02T10:36:28.416-04:00  WARN 8484 --- [           main] o.h.engine.jdbc.spi.SqlExceptionHelper   : no existe la relación «user_role_junction», omitiendo
2023-12-02T10:36:28.417-04:00  WARN 8484 --- [           main] o.h.engine.jdbc.spi.SqlExceptionHelper   : SQL Warning Code: 0, SQLState: 00000
2023-12-02T10:36:28.417-04:00  WARN 8484 --- [           main] o.h.engine.jdbc.spi.SqlExceptionHelper   : la tabla «categories» no existe, omitiendo
2023-12-02T10:36:28.417-04:00  WARN 8484 --- [           main] o.h.engine.jdbc.spi.SqlExceptionHelper   : SQL Warning Code: 0, SQLState: 00000
2023-12-02T10:36:28.417-04:00  WARN 8484 --- [           main] o.h.engine.jdbc.spi.SqlExceptionHelper   : la tabla «employee_working_day_junction» no existe, omitiendo
2023-12-02T10:36:28.417-04:00  WARN 8484 --- [           main] o.h.engine.jdbc.spi.SqlExceptionHelper   : SQL Warning Code: 0, SQLState: 00000
2023-12-02T10:36:28.417-04:00  WARN 8484 --- [           main] o.h.engine.jdbc.spi.SqlExceptionHelper   : la tabla «employees» no existe, omitiendo
2023-12-02T10:36:28.418-04:00  WARN 8484 --- [           main] o.h.engine.jdbc.spi.SqlExceptionHelper   : SQL Warning Code: 0, SQLState: 00000
2023-12-02T10:36:28.418-04:00  WARN 8484 --- [           main] o.h.engine.jdbc.spi.SqlExceptionHelper   : la tabla «employees_job» no existe, omitiendo
2023-12-02T10:36:28.418-04:00  WARN 8484 --- [           main] o.h.engine.jdbc.spi.SqlExceptionHelper   : SQL Warning Code: 0, SQLState: 00000
2023-12-02T10:36:28.418-04:00  WARN 8484 --- [           main] o.h.engine.jdbc.spi.SqlExceptionHelper   : la tabla «ingredient» no existe, omitiendo
2023-12-02T10:36:28.418-04:00  WARN 8484 --- [           main] o.h.engine.jdbc.spi.SqlExceptionHelper   : SQL Warning Code: 0, SQLState: 00000
2023-12-02T10:36:28.418-04:00  WARN 8484 --- [           main] o.h.engine.jdbc.spi.SqlExceptionHelper   : la tabla «ingredient_categories» no existe, omitiendo
2023-12-02T10:36:28.419-04:00  WARN 8484 --- [           main] o.h.engine.jdbc.spi.SqlExceptionHelper   : SQL Warning Code: 0, SQLState: 00000
2023-12-02T10:36:28.419-04:00  WARN 8484 --- [           main] o.h.engine.jdbc.spi.SqlExceptionHelper   : la tabla «ingredient_mixes» no existe, omitiendo
2023-12-02T10:36:28.419-04:00  WARN 8484 --- [           main] o.h.engine.jdbc.spi.SqlExceptionHelper   : SQL Warning Code: 0, SQLState: 00000
2023-12-02T10:36:28.419-04:00  WARN 8484 --- [           main] o.h.engine.jdbc.spi.SqlExceptionHelper   : la tabla «payment_method» no existe, omitiendo
2023-12-02T10:36:28.420-04:00  WARN 8484 --- [           main] o.h.engine.jdbc.spi.SqlExceptionHelper   : SQL Warning Code: 0, SQLState: 00000
2023-12-02T10:36:28.420-04:00  WARN 8484 --- [           main] o.h.engine.jdbc.spi.SqlExceptionHelper   : la tabla «prices» no existe, omitiendo
2023-12-02T10:36:28.420-04:00  WARN 8484 --- [           main] o.h.engine.jdbc.spi.SqlExceptionHelper   : SQL Warning Code: 0, SQLState: 00000
2023-12-02T10:36:28.420-04:00  WARN 8484 --- [           main] o.h.engine.jdbc.spi.SqlExceptionHelper   : la tabla «product_stock» no existe, omitiendo
2023-12-02T10:36:28.420-04:00  WARN 8484 --- [           main] o.h.engine.jdbc.spi.SqlExceptionHelper   : SQL Warning Code: 0, SQLState: 00000
2023-12-02T10:36:28.420-04:00  WARN 8484 --- [           main] o.h.engine.jdbc.spi.SqlExceptionHelper   : la tabla «products» no existe, omitiendo
2023-12-02T10:36:28.421-04:00  WARN 8484 --- [           main] o.h.engine.jdbc.spi.SqlExceptionHelper   : SQL Warning Code: 0, SQLState: 00000
2023-12-02T10:36:28.421-04:00  WARN 8484 --- [           main] o.h.engine.jdbc.spi.SqlExceptionHelper   : la tabla «resto_tables» no existe, omitiendo
2023-12-02T10:36:28.421-04:00  WARN 8484 --- [           main] o.h.engine.jdbc.spi.SqlExceptionHelper   : SQL Warning Code: 0, SQLState: 00000
2023-12-02T10:36:28.421-04:00  WARN 8484 --- [           main] o.h.engine.jdbc.spi.SqlExceptionHelper   : la tabla «roles» no existe, omitiendo
2023-12-02T10:36:28.421-04:00  WARN 8484 --- [           main] o.h.engine.jdbc.spi.SqlExceptionHelper   : SQL Warning Code: 0, SQLState: 00000
2023-12-02T10:36:28.421-04:00  WARN 8484 --- [           main] o.h.engine.jdbc.spi.SqlExceptionHelper   : la tabla «tables_closed» no existe, omitiendo
2023-12-02T10:36:28.422-04:00  WARN 8484 --- [           main] o.h.engine.jdbc.spi.SqlExceptionHelper   : SQL Warning Code: 0, SQLState: 00000
2023-12-02T10:36:28.422-04:00  WARN 8484 --- [           main] o.h.engine.jdbc.spi.SqlExceptionHelper   : la tabla «tables_orders» no existe, omitiendo
2023-12-02T10:36:28.422-04:00  WARN 8484 --- [           main] o.h.engine.jdbc.spi.SqlExceptionHelper   : SQL Warning Code: 0, SQLState: 00000
2023-12-02T10:36:28.422-04:00  WARN 8484 --- [           main] o.h.engine.jdbc.spi.SqlExceptionHelper   : la tabla «user_role_junction» no existe, omitiendo
2023-12-02T10:36:28.422-04:00  WARN 8484 --- [           main] o.h.engine.jdbc.spi.SqlExceptionHelper   : SQL Warning Code: 0, SQLState: 00000
2023-12-02T10:36:28.422-04:00  WARN 8484 --- [           main] o.h.engine.jdbc.spi.SqlExceptionHelper   : la tabla «users» no existe, omitiendo
2023-12-02T10:36:28.423-04:00  WARN 8484 --- [           main] o.h.engine.jdbc.spi.SqlExceptionHelper   : SQL Warning Code: 0, SQLState: 00000
2023-12-02T10:36:28.423-04:00  WARN 8484 --- [           main] o.h.engine.jdbc.spi.SqlExceptionHelper   : la tabla «working_day» no existe, omitiendo
2023-12-02T10:36:28.423-04:00  WARN 8484 --- [           main] o.h.engine.jdbc.spi.SqlExceptionHelper   : SQL Warning Code: 0, SQLState: 00000
2023-12-02T10:36:28.423-04:00  WARN 8484 --- [           main] o.h.engine.jdbc.spi.SqlExceptionHelper   : la secuencia «categories_seq» no existe, omitiendo
2023-12-02T10:36:28.423-04:00  WARN 8484 --- [           main] o.h.engine.jdbc.spi.SqlExceptionHelper   : SQL Warning Code: 0, SQLState: 00000
2023-12-02T10:36:28.423-04:00  WARN 8484 --- [           main] o.h.engine.jdbc.spi.SqlExceptionHelper   : la secuencia «employees_job_seq» no existe, omitiendo
2023-12-02T10:36:28.424-04:00  WARN 8484 --- [           main] o.h.engine.jdbc.spi.SqlExceptionHelper   : SQL Warning Code: 0, SQLState: 00000
2023-12-02T10:36:28.424-04:00  WARN 8484 --- [           main] o.h.engine.jdbc.spi.SqlExceptionHelper   : la secuencia «employees_seq» no existe, omitiendo
2023-12-02T10:36:28.424-04:00  WARN 8484 --- [           main] o.h.engine.jdbc.spi.SqlExceptionHelper   : SQL Warning Code: 0, SQLState: 00000
2023-12-02T10:36:28.424-04:00  WARN 8484 --- [           main] o.h.engine.jdbc.spi.SqlExceptionHelper   : la secuencia «ingredient_categories_seq» no existe, omitiendo
2023-12-02T10:36:28.424-04:00  WARN 8484 --- [           main] o.h.engine.jdbc.spi.SqlExceptionHelper   : SQL Warning Code: 0, SQLState: 00000
2023-12-02T10:36:28.424-04:00  WARN 8484 --- [           main] o.h.engine.jdbc.spi.SqlExceptionHelper   : la secuencia «ingredient_mixes_seq» no existe, omitiendo
2023-12-02T10:36:28.425-04:00  WARN 8484 --- [           main] o.h.engine.jdbc.spi.SqlExceptionHelper   : SQL Warning Code: 0, SQLState: 00000
2023-12-02T10:36:28.425-04:00  WARN 8484 --- [           main] o.h.engine.jdbc.spi.SqlExceptionHelper   : la secuencia «ingredient_seq» no existe, omitiendo
2023-12-02T10:36:28.425-04:00  WARN 8484 --- [           main] o.h.engine.jdbc.spi.SqlExceptionHelper   : SQL Warning Code: 0, SQLState: 00000
2023-12-02T10:36:28.425-04:00  WARN 8484 --- [           main] o.h.engine.jdbc.spi.SqlExceptionHelper   : la secuencia «payment_method_seq» no existe, omitiendo
2023-12-02T10:36:28.425-04:00  WARN 8484 --- [           main] o.h.engine.jdbc.spi.SqlExceptionHelper   : SQL Warning Code: 0, SQLState: 00000
2023-12-02T10:36:28.426-04:00  WARN 8484 --- [           main] o.h.engine.jdbc.spi.SqlExceptionHelper   : la secuencia «prices_seq» no existe, omitiendo
2023-12-02T10:36:28.426-04:00  WARN 8484 --- [           main] o.h.engine.jdbc.spi.SqlExceptionHelper   : SQL Warning Code: 0, SQLState: 00000
2023-12-02T10:36:28.426-04:00  WARN 8484 --- [           main] o.h.engine.jdbc.spi.SqlExceptionHelper   : la secuencia «product_stock_seq» no existe, omitiendo
2023-12-02T10:36:28.426-04:00  WARN 8484 --- [           main] o.h.engine.jdbc.spi.SqlExceptionHelper   : SQL Warning Code: 0, SQLState: 00000
2023-12-02T10:36:28.426-04:00  WARN 8484 --- [           main] o.h.engine.jdbc.spi.SqlExceptionHelper   : la secuencia «products_seq» no existe, omitiendo
2023-12-02T10:36:28.426-04:00  WARN 8484 --- [           main] o.h.engine.jdbc.spi.SqlExceptionHelper   : SQL Warning Code: 0, SQLState: 00000
2023-12-02T10:36:28.426-04:00  WARN 8484 --- [           main] o.h.engine.jdbc.spi.SqlExceptionHelper   : la secuencia «resto_tables_seq» no existe, omitiendo
2023-12-02T10:36:28.427-04:00  WARN 8484 --- [           main] o.h.engine.jdbc.spi.SqlExceptionHelper   : SQL Warning Code: 0, SQLState: 00000
2023-12-02T10:36:28.427-04:00  WARN 8484 --- [           main] o.h.engine.jdbc.spi.SqlExceptionHelper   : la secuencia «roles_seq» no existe, omitiendo
2023-12-02T10:36:28.427-04:00  WARN 8484 --- [           main] o.h.engine.jdbc.spi.SqlExceptionHelper   : SQL Warning Code: 0, SQLState: 00000
2023-12-02T10:36:28.427-04:00  WARN 8484 --- [           main] o.h.engine.jdbc.spi.SqlExceptionHelper   : la secuencia «tables_closed_seq» no existe, omitiendo
2023-12-02T10:36:28.427-04:00  WARN 8484 --- [           main] o.h.engine.jdbc.spi.SqlExceptionHelper   : SQL Warning Code: 0, SQLState: 00000
2023-12-02T10:36:28.427-04:00  WARN 8484 --- [           main] o.h.engine.jdbc.spi.SqlExceptionHelper   : la secuencia «tables_orders_seq» no existe, omitiendo
2023-12-02T10:36:28.428-04:00  WARN 8484 --- [           main] o.h.engine.jdbc.spi.SqlExceptionHelper   : SQL Warning Code: 0, SQLState: 00000
2023-12-02T10:36:28.428-04:00  WARN 8484 --- [           main] o.h.engine.jdbc.spi.SqlExceptionHelper   : la secuencia «users_seq» no existe, omitiendo
2023-12-02T10:36:28.428-04:00  WARN 8484 --- [           main] o.h.engine.jdbc.spi.SqlExceptionHelper   : SQL Warning Code: 0, SQLState: 00000
2023-12-02T10:36:28.428-04:00  WARN 8484 --- [           main] o.h.engine.jdbc.spi.SqlExceptionHelper   : la secuencia «working_day_seq» no existe, omitiendo
2023-12-02T10:36:28.515-04:00  INFO 8484 --- [           main] j.LocalContainerEntityManagerFactoryBean : Initialized JPA EntityManagerFactory for persistence unit 'default'
2023-12-02T10:36:29.549-04:00  WARN 8484 --- [           main] JpaBaseConfiguration$JpaWebConfiguration : spring.jpa.open-in-view is enabled by default. Therefore, database queries may be performed during view rendering. Explicitly configure spring.jpa.open-in-view to disable this warning
2023-12-02T10:36:29.636-04:00  INFO 8484 --- [           main] o.s.s.web.DefaultSecurityFilterChain     : Will secure any request with [org.springframework.security.web.session.DisableEncodeUrlFilter@2b826482, org.springframework.security.web.context.request.async.WebAsyncManagerIntegrationFilter@3f908a10, org.springframework.security.web.context.SecurityContextHolderFilter@12a8d03b, org.springframework.security.web.header.HeaderWriterFilter@4fcb796f, org.springframework.security.web.authentication.logout.LogoutFilter@7fd3197b, org.springframework.security.oauth2.server.resource.web.authentication.BearerTokenAuthenticationFilter@321302bc, org.springframework.security.web.savedrequest.RequestCacheAwareFilter@7ccfed46, org.springframework.security.web.servletapi.SecurityContextHolderAwareRequestFilter@b97f195, org.springframework.security.web.authentication.AnonymousAuthenticationFilter@153c69bc, org.springframework.security.web.session.SessionManagementFilter@3368cf02, org.springframework.security.web.access.ExceptionTranslationFilter@3db3668, org.springframework.security.web.access.intercept.AuthorizationFilter@531bfe4b]
2023-12-02T10:36:30.007-04:00  INFO 8484 --- [           main] com.lord.arbam.ArbamApplicationTests     : Started ArbamApplicationTests in 4.437 seconds (process running for 5.297)
]]></system-out>
  </testcase>
</testsuite>