<?xml version="1.0" encoding="UTF-8"?>
<testsuite xmlns:xsi="http://www.w3.org/2001/XMLSchema-instance" xsi:noNamespaceSchemaLocation="https://maven.apache.org/surefire/maven-surefire-plugin/xsd/surefire-test-report-3.0.xsd" version="3.0" name="com.lord.arbam.RestoTableIntegrationServicesTest" time="1.543" tests="29" errors="0" skipped="0" failures="0">
  <properties>
[...]
</properties>
  <testcase name="setup" classname="com.lord.arbam.RestoTableIntegrationServicesTest" time="0.112">
    <system-out><![CDATA[2023-12-02T10:36:32.518-04:00  INFO 8484 --- [           main] o.s.b.d.r.RestartApplicationListener     : Restart disabled due to context in which it is running

  .   ____          _            __ _ _
 /\\ / ___'_ __ _ _(_)_ __  __ _ \ \ \ \
( ( )\___ | '_ | '_| | '_ \/ _` | \ \ \ \
 \\/  ___)| |_)| | | | | || (_| |  ) ) ) )
  '  |____| .__|_| |_|_| |_\__, | / / / /
 =========|_|==============|___/=/_/_/_/
 :: Spring Boot ::                (v3.1.5)

2023-12-02T10:36:32.534-04:00  INFO 8484 --- [           main] c.l.a.RestoTableIntegrationServicesTest  : Starting RestoTableIntegrationServicesTest using Java 17.0.7 with PID 8484 (started by baron1 in D:\workspaces\arbam-app-workspace\arbam)
2023-12-02T10:36:32.534-04:00  INFO 8484 --- [           main] c.l.a.RestoTableIntegrationServicesTest  : No active profile set, falling back to 1 default profile: "default"
2023-12-02T10:36:32.686-04:00  INFO 8484 --- [           main] .s.d.r.c.RepositoryConfigurationDelegate : Bootstrapping Spring Data JPA repositories in DEFAULT mode.
2023-12-02T10:36:32.732-04:00  INFO 8484 --- [           main] .s.d.r.c.RepositoryConfigurationDelegate : Finished Spring Data repository scanning in 46 ms. Found 16 JPA repository interfaces.
2023-12-02T10:36:32.788-04:00  INFO 8484 --- [           main] o.hibernate.jpa.internal.util.LogHelper  : HHH000204: Processing PersistenceUnitInfo [name: default]
2023-12-02T10:36:32.793-04:00  INFO 8484 --- [           main] o.s.o.j.p.SpringPersistenceUnitInfo      : No LoadTimeWeaver setup: ignoring JPA class transformer
2023-12-02T10:36:32.794-04:00  INFO 8484 --- [           main] com.zaxxer.hikari.HikariDataSource       : HikariPool-3 - Starting...
2023-12-02T10:36:32.826-04:00  INFO 8484 --- [           main] com.zaxxer.hikari.pool.HikariPool        : HikariPool-3 - Added connection org.postgresql.jdbc.PgConnection@1531fbc8
2023-12-02T10:36:32.826-04:00  INFO 8484 --- [           main] com.zaxxer.hikari.HikariDataSource       : HikariPool-3 - Start completed.
2023-12-02T10:36:32.949-04:00  INFO 8484 --- [           main] o.h.e.t.j.p.i.JtaPlatformInitiator       : HHH000489: No JTA platform available (set 'hibernate.transaction.jta.platform' to enable JTA platform integration)
2023-12-02T10:36:33.104-04:00  INFO 8484 --- [           main] j.LocalContainerEntityManagerFactoryBean : Initialized JPA EntityManagerFactory for persistence unit 'default'
2023-12-02T10:36:33.333-04:00  WARN 8484 --- [           main] JpaBaseConfiguration$JpaWebConfiguration : spring.jpa.open-in-view is enabled by default. Therefore, database queries may be performed during view rendering. Explicitly configure spring.jpa.open-in-view to disable this warning
2023-12-02T10:36:33.343-04:00  INFO 8484 --- [           main] o.s.s.web.DefaultSecurityFilterChain     : Will secure any request with [org.springframework.security.web.session.DisableEncodeUrlFilter@74d74701, org.springframework.security.web.context.request.async.WebAsyncManagerIntegrationFilter@39562fc2, org.springframework.security.web.context.SecurityContextHolderFilter@d866565, org.springframework.security.web.header.HeaderWriterFilter@5fc444d0, org.springframework.security.web.authentication.logout.LogoutFilter@51102651, org.springframework.security.oauth2.server.resource.web.authentication.BearerTokenAuthenticationFilter@24a5df6a, org.springframework.security.web.savedrequest.RequestCacheAwareFilter@302e3484, org.springframework.security.web.servletapi.SecurityContextHolderAwareRequestFilter@4db11495, org.springframework.security.web.authentication.AnonymousAuthenticationFilter@349e6ca8, org.springframework.security.web.session.SessionManagementFilter@1f27b6fc, org.springframework.security.web.access.ExceptionTranslationFilter@76b96594, org.springframework.security.web.access.intercept.AuthorizationFilter@550b19d1]
2023-12-02T10:36:33.420-04:00  INFO 8484 --- [           main] c.l.a.RestoTableIntegrationServicesTest  : Started RestoTableIntegrationServicesTest in 0.902 seconds (process running for 8.71)
2023-12-02T10:36:33.431-04:00  INFO 8484 --- [           main] c.l.a.s.ProductCategoryServiceImpl       : Creando nueva categoria
2023-12-02T10:36:33.433-04:00  INFO 8484 --- [           main] c.l.a.s.ProductCategoryServiceImpl       : Creando nueva categoria
2023-12-02T10:36:33.434-04:00  INFO 8484 --- [           main] c.l.a.s.ProductCategoryServiceImpl       : Creando nueva categoria
2023-12-02T10:36:33.435-04:00  INFO 8484 --- [           main] c.l.a.service_impl.ProductServiceImpl    : Creating new porduct
2023-12-02T10:36:33.441-04:00  INFO 8484 --- [           main] c.l.a.service_impl.ProductServiceImpl    : Creating new porduct
2023-12-02T10:36:33.445-04:00  INFO 8484 --- [           main] c.l.a.service_impl.ProductServiceImpl    : Creating new porduct
2023-12-02T10:36:33.448-04:00  INFO 8484 --- [           main] c.l.a.service_impl.ProductServiceImpl    : Creating new porduct
2023-12-02T10:36:33.452-04:00  INFO 8484 --- [           main] c.l.a.service_impl.ProductServiceImpl    : Creating new porduct
2023-12-02T10:36:33.456-04:00  INFO 8484 --- [           main] c.l.a.service_impl.ProductServiceImpl    : Creating new porduct
2023-12-02T10:36:33.462-04:00  INFO 8484 --- [           main] c.l.a.s.IngredientServiceImpl            : guardando ingrediente
2023-12-02T10:36:33.465-04:00  INFO 8484 --- [           main] c.l.a.s.IngredientServiceImpl            : guardando ingrediente
2023-12-02T10:36:33.468-04:00  INFO 8484 --- [           main] c.l.a.s.IngredientMixServiceImpl         : Agregando Ingrediente a la receta
2023-12-02T10:36:33.489-04:00  INFO 8484 --- [           main] c.l.a.s.IngredientMixServiceImpl         : Agregando Ingrediente a la receta
2023-12-02T10:36:33.494-04:00  INFO 8484 --- [           main] c.l.a.service_impl.ProductServiceImpl    : Recepcion de stock en tabla producto
2023-12-02T10:36:33.494-04:00  INFO 8484 --- [           main] c.l.a.service_impl.ProductServiceImpl    : Guardando stock en tabla producto
2023-12-02T10:36:33.501-04:00  INFO 8484 --- [           main] c.l.a.service_impl.ProductServiceImpl    : Recepcion de stock en tabla producto
2023-12-02T10:36:33.501-04:00  INFO 8484 --- [           main] c.l.a.service_impl.ProductServiceImpl    : Guardando stock en tabla producto
2023-12-02T10:36:33.505-04:00  INFO 8484 --- [           main] c.l.a.service_impl.ProductServiceImpl    : Recepcion de stock en tabla producto
2023-12-02T10:36:33.505-04:00  INFO 8484 --- [           main] c.l.a.service_impl.ProductServiceImpl    : Guardando stock en tabla producto
]]></system-out>
  </testcase>
  <testcase name="WorkingDayStart" classname="com.lord.arbam.RestoTableIntegrationServicesTest" time="0.006">
    <system-out><![CDATA[2023-12-02T10:36:33.536-04:00  INFO 8484 --- [           main] c.l.a.s.WorkingDayServiceImpl            : Iniciando dia de trabajo
]]></system-out>
  </testcase>
  <testcase name="openRestoTable" classname="com.lord.arbam.RestoTableIntegrationServicesTest" time="0.029">
    <system-out><![CDATA[2023-12-02T10:36:33.565-04:00  INFO 8484 --- [           main] c.l.a.s.RestoTableServiceImpl            : Abriendo mesa
]]></system-out>
  </testcase>
  <testcase name="whenCreateNewOrderInRestoTable_MustReturnOrder" classname="com.lord.arbam.RestoTableIntegrationServicesTest" time="0.011">
    <system-out><![CDATA[2023-12-02T10:36:33.577-04:00  INFO 8484 --- [           main] c.l.a.s.RestoTableOrderServiceImpl       : Nueva orden creada
]]></system-out>
  </testcase>
  <testcase name="createNewOrderRestoTable1" classname="com.lord.arbam.RestoTableIntegrationServicesTest" time="0.007">
    <system-out><![CDATA[2023-12-02T10:36:33.586-04:00  INFO 8484 --- [           main] c.l.a.s.RestoTableOrderServiceImpl       : Nueva orden creada
]]></system-out>
  </testcase>
  <testcase name="checkRestoTableOrdersRestoTable1" classname="com.lord.arbam.RestoTableIntegrationServicesTest" time="0.007"/>
  <testcase name="whenUpdateRestoTableTotalPrice_MustReturnUpdatedTotalPrice" classname="com.lord.arbam.RestoTableIntegrationServicesTest" time="0.01">
    <system-out><![CDATA[2023-12-02T10:36:33.602-04:00  INFO 8484 --- [           main] c.l.a.s.RestoTableServiceImpl            : Buscando los totales de todas las ordenes
2023-12-02T10:36:33.603-04:00  INFO 8484 --- [           main] c.l.a.s.RestoTableServiceImpl            : sumando los totales de todas las ordenes
2023-12-02T10:36:33.603-04:00  INFO 8484 --- [           main] c.l.a.s.RestoTableServiceImpl            : Actualizando total de la mesa
]]></system-out>
  </testcase>
  <testcase name="whenOpenRestoTable8_mustReturnRestoTable" classname="com.lord.arbam.RestoTableIntegrationServicesTest" time="0.009">
    <system-out><![CDATA[2023-12-02T10:36:33.611-04:00  INFO 8484 --- [           main] c.l.a.s.RestoTableServiceImpl            : Abriendo mesa
]]></system-out>
  </testcase>
  <testcase name="createNewOrderRestoTable8" classname="com.lord.arbam.RestoTableIntegrationServicesTest" time="0.007">
    <system-out><![CDATA[2023-12-02T10:36:33.619-04:00  INFO 8484 --- [           main] c.l.a.s.RestoTableOrderServiceImpl       : Nueva orden creada
]]></system-out>
  </testcase>
  <testcase name="whenTryToCreateExistingRestoTable8Order_MustResturnUpdatedRestoTableOrder" classname="com.lord.arbam.RestoTableIntegrationServicesTest" time="0.017">
    <system-out><![CDATA[2023-12-02T10:36:33.626-04:00  INFO 8484 --- [           main] c.l.a.s.RestoTableOrderServiceImpl       : orden existente,actualizando...
2023-12-02T10:36:33.631-04:00  INFO 8484 --- [           main] c.l.a.s.RestoTableOrderServiceImpl       : orden actualizada.
]]></system-out>
  </testcase>
  <testcase name="whenUpdateRestoTablePriceRestoTable8_MustReturnRestotableUpdatedTotalPrice" classname="com.lord.arbam.RestoTableIntegrationServicesTest" time="0.007">
    <system-out><![CDATA[2023-12-02T10:36:33.643-04:00  INFO 8484 --- [           main] c.l.a.s.RestoTableServiceImpl            : Buscando los totales de todas las ordenes
2023-12-02T10:36:33.643-04:00  INFO 8484 --- [           main] c.l.a.s.RestoTableServiceImpl            : sumando los totales de todas las ordenes
2023-12-02T10:36:33.643-04:00  INFO 8484 --- [           main] c.l.a.s.RestoTableServiceImpl            : Actualizando total de la mesa
]]></system-out>
  </testcase>
  <testcase name="whenTryToCreateExistingRestoTable1Order_MustResturnUpdatedRestoTableOrder" classname="com.lord.arbam.RestoTableIntegrationServicesTest" time="0.014">
    <system-out><![CDATA[2023-12-02T10:36:33.650-04:00  INFO 8484 --- [           main] c.l.a.s.RestoTableOrderServiceImpl       : orden existente,actualizando...
2023-12-02T10:36:33.652-04:00  INFO 8484 --- [           main] c.l.a.s.RestoTableOrderServiceImpl       : orden actualizada.
]]></system-out>
  </testcase>
  <testcase name="checkForRestoTableTotalPriceRestoTable1" classname="com.lord.arbam.RestoTableIntegrationServicesTest" time="0.008">
    <system-out><![CDATA[2023-12-02T10:36:33.665-04:00  INFO 8484 --- [           main] c.l.a.s.RestoTableServiceImpl            : Buscando los totales de todas las ordenes
2023-12-02T10:36:33.666-04:00  INFO 8484 --- [           main] c.l.a.s.RestoTableServiceImpl            : sumando los totales de todas las ordenes
2023-12-02T10:36:33.666-04:00  INFO 8484 --- [           main] c.l.a.s.RestoTableServiceImpl            : Actualizando total de la mesa
]]></system-out>
  </testcase>
  <testcase name="updateAgainOrderWithProductId2RestoTable1" classname="com.lord.arbam.RestoTableIntegrationServicesTest" time="0.014">
    <system-out><![CDATA[2023-12-02T10:36:33.673-04:00  INFO 8484 --- [           main] c.l.a.s.RestoTableOrderServiceImpl       : orden existente,actualizando...
2023-12-02T10:36:33.675-04:00  INFO 8484 --- [           main] c.l.a.s.RestoTableOrderServiceImpl       : orden actualizada.
]]></system-out>
  </testcase>
  <testcase name="checkAgainForRestoTableTotalPriceRestoTable1" classname="com.lord.arbam.RestoTableIntegrationServicesTest" time="0.008">
    <system-out><![CDATA[2023-12-02T10:36:33.688-04:00  INFO 8484 --- [           main] c.l.a.s.RestoTableServiceImpl            : Buscando los totales de todas las ordenes
2023-12-02T10:36:33.688-04:00  INFO 8484 --- [           main] c.l.a.s.RestoTableServiceImpl            : sumando los totales de todas las ordenes
2023-12-02T10:36:33.688-04:00  INFO 8484 --- [           main] c.l.a.s.RestoTableServiceImpl            : Actualizando total de la mesa
]]></system-out>
  </testcase>
  <testcase name="whenDeleteOrderbyIdRestoTable1_RestoTableTotalPriceMustBeUpdated" classname="com.lord.arbam.RestoTableIntegrationServicesTest" time="0.193">
    <system-out><![CDATA[2023-12-02T10:36:33.871-04:00  INFO 8484 --- [           main] c.l.a.s.RestoTableOrderServiceImpl       : Orden eliminada. id:1, Stock agregado: 2
2023-12-02T10:36:33.881-04:00  INFO 8484 --- [           main] c.l.a.s.RestoTableServiceImpl            : Buscando los totales de todas las ordenes
2023-12-02T10:36:33.881-04:00  INFO 8484 --- [           main] c.l.a.s.RestoTableServiceImpl            : sumando los totales de todas las ordenes
2023-12-02T10:36:33.881-04:00  INFO 8484 --- [           main] c.l.a.s.RestoTableServiceImpl            : Actualizando total de la mesa
]]></system-out>
  </testcase>
  <testcase name="updateAgainOrderWithProductId3RestoTable1" classname="com.lord.arbam.RestoTableIntegrationServicesTest" time="0.012">
    <system-out><![CDATA[2023-12-02T10:36:33.889-04:00  INFO 8484 --- [           main] c.l.a.s.RestoTableOrderServiceImpl       : Nueva orden creada
2023-12-02T10:36:33.893-04:00  INFO 8484 --- [           main] c.l.a.s.RestoTableServiceImpl            : Buscando los totales de todas las ordenes
2023-12-02T10:36:33.893-04:00  INFO 8484 --- [           main] c.l.a.s.RestoTableServiceImpl            : sumando los totales de todas las ordenes
2023-12-02T10:36:33.893-04:00  INFO 8484 --- [           main] c.l.a.s.RestoTableServiceImpl            : Actualizando total de la mesa
]]></system-out>
  </testcase>
  <testcase name="closeRestoTable1Test" classname="com.lord.arbam.RestoTableIntegrationServicesTest" time="0.013">
    <system-out><![CDATA[2023-12-02T10:36:33.898-04:00  INFO 8484 --- [           main] c.l.a.s.RestoTableServiceImpl            : Iniciando el cierre de mesa
2023-12-02T10:36:33.903-04:00  INFO 8484 --- [           main] c.l.a.s.RestoTableServiceImpl            : Generando copia de la mesa
2023-12-02T10:36:33.904-04:00  INFO 8484 --- [           main] c.l.a.s.RestoTableServiceImpl            : Reiniciando la mesa
]]></system-out>
  </testcase>
  <testcase name="openRestoTable20" classname="com.lord.arbam.RestoTableIntegrationServicesTest" time="0.009">
    <system-out><![CDATA[2023-12-02T10:36:33.915-04:00  INFO 8484 --- [           main] c.l.a.s.RestoTableServiceImpl            : Abriendo mesa
]]></system-out>
  </testcase>
  <testcase name="whenCreateNewOrderInRestoTable20_MustReturnOrder" classname="com.lord.arbam.RestoTableIntegrationServicesTest" time="0.006">
    <system-out><![CDATA[2023-12-02T10:36:33.923-04:00  INFO 8484 --- [           main] c.l.a.s.RestoTableOrderServiceImpl       : Nueva orden creada
]]></system-out>
  </testcase>
  <testcase name="createNewOrderRestoTable20" classname="com.lord.arbam.RestoTableIntegrationServicesTest" time="0.006">
    <system-out><![CDATA[2023-12-02T10:36:33.929-04:00  INFO 8484 --- [           main] c.l.a.s.RestoTableOrderServiceImpl       : Nueva orden creada
]]></system-out>
  </testcase>
  <testcase name="checkRestoTableOrdersRestoTable20" classname="com.lord.arbam.RestoTableIntegrationServicesTest" time="0.006"/>
  <testcase name="whenUpdateRestoTable20TotalPrice_MustReturnUpdatedTotalPrice" classname="com.lord.arbam.RestoTableIntegrationServicesTest" time="0.007">
    <system-out><![CDATA[2023-12-02T10:36:33.942-04:00  INFO 8484 --- [           main] c.l.a.s.RestoTableServiceImpl            : Buscando los totales de todas las ordenes
2023-12-02T10:36:33.942-04:00  INFO 8484 --- [           main] c.l.a.s.RestoTableServiceImpl            : sumando los totales de todas las ordenes
2023-12-02T10:36:33.942-04:00  INFO 8484 --- [           main] c.l.a.s.RestoTableServiceImpl            : Actualizando total de la mesa
]]></system-out>
  </testcase>
  <testcase name="closeRestoTable20Test" classname="com.lord.arbam.RestoTableIntegrationServicesTest" time="0.009">
    <system-out><![CDATA[2023-12-02T10:36:33.947-04:00  INFO 8484 --- [           main] c.l.a.s.RestoTableServiceImpl            : Iniciando el cierre de mesa
2023-12-02T10:36:33.949-04:00  INFO 8484 --- [           main] c.l.a.s.RestoTableServiceImpl            : Generando copia de la mesa
2023-12-02T10:36:33.949-04:00  INFO 8484 --- [           main] c.l.a.s.RestoTableServiceImpl            : Reiniciando la mesa
]]></system-out>
  </testcase>
  <testcase name="checkWorkingDayStatus" classname="com.lord.arbam.RestoTableIntegrationServicesTest" time="0.004"/>
  <testcase name="updateWorkingDay" classname="com.lord.arbam.RestoTableIntegrationServicesTest" time="0.016">
    <system-out><![CDATA[2023-12-02T10:36:33.961-04:00  INFO 8484 --- [           main] c.l.a.s.WorkingDayServiceImpl            : Actualizando working day.
]]></system-out>
  </testcase>
  <testcase name="closeRestoTable8Test" classname="com.lord.arbam.RestoTableIntegrationServicesTest" time="0.009">
    <system-out><![CDATA[2023-12-02T10:36:33.976-04:00  INFO 8484 --- [           main] c.l.a.s.RestoTableServiceImpl            : Iniciando el cierre de mesa
2023-12-02T10:36:33.978-04:00  INFO 8484 --- [           main] c.l.a.s.RestoTableServiceImpl            : Generando copia de la mesa
2023-12-02T10:36:33.978-04:00  INFO 8484 --- [           main] c.l.a.s.RestoTableServiceImpl            : Reiniciando la mesa
]]></system-out>
  </testcase>
  <testcase name="updateAgainWorkingDay" classname="com.lord.arbam.RestoTableIntegrationServicesTest" time="0.009">
    <system-out><![CDATA[2023-12-02T10:36:33.986-04:00  INFO 8484 --- [           main] c.l.a.s.WorkingDayServiceImpl            : Actualizando working day.
]]></system-out>
  </testcase>
  <testcase name="closeWorkingDay" classname="com.lord.arbam.RestoTableIntegrationServicesTest" time="0.062">
    <system-out><![CDATA[2023-12-02T10:36:33.993-04:00  INFO 8484 --- [           main] c.l.a.s.WorkingDayServiceImpl            : Sumando los totales de las mesas.
2023-12-02T10:36:33.997-04:00  INFO 8484 --- [           main] c.l.a.s.WorkingDayServiceImpl            : Filtrando totales por metodo de pago
2023-12-02T10:36:34.007-04:00  INFO 8484 --- [           main] c.l.a.s.WorkingDayServiceImpl            : Guardando total pago a empleados y todos los totales
]]></system-out>
  </testcase>
</testsuite>