<?xml version="1.0" encoding="UTF-8"?>
<testsuite xmlns:xsi="http://www.w3.org/2001/XMLSchema-instance" xsi:noNamespaceSchemaLocation="https://maven.apache.org/surefire/maven-surefire-plugin/xsd/surefire-test-report-3.0.xsd" version="3.0" name="com.lord.arbam.CategoryControllerTest" time="1.619" tests="3" errors="0" skipped="0" failures="0">
  <properties>
[...]
</properties>
  <testcase name="registerNewUser" classname="com.lord.arbam.CategoryControllerTest" time="0.222">
    <system-out><![CDATA[2023-12-02T10:36:30.583-04:00  INFO 8484 --- [           main] t.c.s.AnnotationConfigContextLoaderUtils : Could not detect default configuration classes for test class [com.lord.arbam.CategoryControllerTest]: CategoryControllerTest does not declare any static, non-private, non-final, nested classes annotated with @Configuration.
2023-12-02T10:36:30.592-04:00  INFO 8484 --- [           main] .b.t.c.SpringBootTestContextBootstrapper : Found @SpringBootConfiguration com.lord.arbam.ArbamApplication for test class com.lord.arbam.CategoryControllerTest
2023-12-02T10:36:30.596-04:00  INFO 8484 --- [           main] o.s.b.d.r.RestartApplicationListener     : Restart disabled due to context in which it is running

  .   ____          _            __ _ _
 /\\ / ___'_ __ _ _(_)_ __  __ _ \ \ \ \
( ( )\___ | '_ | '_| | '_ \/ _` | \ \ \ \
 \\/  ___)| |_)| | | | | || (_| |  ) ) ) )
  '  |____| .__|_| |_|_| |_\__, | / / / /
 =========|_|==============|___/=/_/_/_/
 :: Spring Boot ::                (v3.1.5)

2023-12-02T10:36:30.615-04:00  INFO 8484 --- [           main] com.lord.arbam.CategoryControllerTest    : Starting CategoryControllerTest using Java 17.0.7 with PID 8484 (started by baron1 in D:\workspaces\arbam-app-workspace\arbam)
2023-12-02T10:36:30.615-04:00  INFO 8484 --- [           main] com.lord.arbam.CategoryControllerTest    : No active profile set, falling back to 1 default profile: "default"
2023-12-02T10:36:30.806-04:00  INFO 8484 --- [           main] .s.d.r.c.RepositoryConfigurationDelegate : Bootstrapping Spring Data JPA repositories in DEFAULT mode.
2023-12-02T10:36:30.845-04:00  INFO 8484 --- [           main] .s.d.r.c.RepositoryConfigurationDelegate : Finished Spring Data repository scanning in 38 ms. Found 16 JPA repository interfaces.
2023-12-02T10:36:30.924-04:00  INFO 8484 --- [           main] o.hibernate.jpa.internal.util.LogHelper  : HHH000204: Processing PersistenceUnitInfo [name: default]
2023-12-02T10:36:30.929-04:00  INFO 8484 --- [           main] o.s.o.j.p.SpringPersistenceUnitInfo      : No LoadTimeWeaver setup: ignoring JPA class transformer
2023-12-02T10:36:30.930-04:00  INFO 8484 --- [           main] com.zaxxer.hikari.HikariDataSource       : HikariPool-2 - Starting...
2023-12-02T10:36:30.963-04:00  INFO 8484 --- [           main] com.zaxxer.hikari.pool.HikariPool        : HikariPool-2 - Added connection org.postgresql.jdbc.PgConnection@673ce246
2023-12-02T10:36:30.963-04:00  INFO 8484 --- [           main] com.zaxxer.hikari.HikariDataSource       : HikariPool-2 - Start completed.
2023-12-02T10:36:31.153-04:00  INFO 8484 --- [           main] o.h.e.t.j.p.i.JtaPlatformInitiator       : HHH000489: No JTA platform available (set 'hibernate.transaction.jta.platform' to enable JTA platform integration)
2023-12-02T10:36:31.296-04:00  INFO 8484 --- [           main] j.LocalContainerEntityManagerFactoryBean : Initialized JPA EntityManagerFactory for persistence unit 'default'
2023-12-02T10:36:31.595-04:00  WARN 8484 --- [           main] JpaBaseConfiguration$JpaWebConfiguration : spring.jpa.open-in-view is enabled by default. Therefore, database queries may be performed during view rendering. Explicitly configure spring.jpa.open-in-view to disable this warning
2023-12-02T10:36:31.605-04:00  INFO 8484 --- [           main] o.s.s.web.DefaultSecurityFilterChain     : Will secure any request with [org.springframework.security.web.session.DisableEncodeUrlFilter@3057728e, org.springframework.security.web.context.request.async.WebAsyncManagerIntegrationFilter@5dbd7f00, org.springframework.security.web.context.SecurityContextHolderFilter@5771adf3, org.springframework.security.web.header.HeaderWriterFilter@16d4757f, org.springframework.security.web.authentication.logout.LogoutFilter@295d1a45, org.springframework.security.oauth2.server.resource.web.authentication.BearerTokenAuthenticationFilter@7119d1da, org.springframework.security.web.savedrequest.RequestCacheAwareFilter@271bbb75, org.springframework.security.web.servletapi.SecurityContextHolderAwareRequestFilter@12515d64, org.springframework.security.web.authentication.AnonymousAuthenticationFilter@3e9053b3, org.springframework.security.web.session.SessionManagementFilter@6aa16117, org.springframework.security.web.access.ExceptionTranslationFilter@3f29e67e, org.springframework.security.web.access.intercept.AuthorizationFilter@4b45016d]
2023-12-02T10:36:31.694-04:00  INFO 8484 --- [           main] o.s.b.t.m.w.SpringBootMockServletContext : Initializing Spring TestDispatcherServlet ''
2023-12-02T10:36:31.694-04:00  INFO 8484 --- [           main] o.s.t.web.servlet.TestDispatcherServlet  : Initializing Servlet ''
2023-12-02T10:36:31.695-04:00  INFO 8484 --- [           main] o.s.t.web.servlet.TestDispatcherServlet  : Completed initialization in 1 ms
2023-12-02T10:36:31.702-04:00  INFO 8484 --- [           main] com.lord.arbam.CategoryControllerTest    : Started CategoryControllerTest in 1.106 seconds (process running for 6.992)
2023-12-02T10:36:31.790-04:00  INFO 8484 --- [           main] c.l.a.s.AuthenticationServiceImpl        : Register new user
]]></system-out>
  </testcase>
  <testcase name="loginUserAndExtractToken" classname="com.lord.arbam.CategoryControllerTest" time="0.255">
    <system-out><![CDATA[2023-12-02T10:36:32.175-04:00  INFO 8484 --- [           main] c.l.a.s.AuthenticationServiceImpl        : Login complete. User: car

MockHttpServletRequest:
      HTTP Method = POST
      Request URI = /api/v1/arbam/authentication/login
       Parameters = {}
          Headers = [Content-Type:"application/json;charset=UTF-8", Content-Length:"36"]
             Body = {"username":"car","password":"1234"}
    Session Attrs = {}

Handler:
             Type = com.lord.arbam.controller.AuthenticationController
           Method = com.lord.arbam.controller.AuthenticationController#loginUser(LoginResponseDto)

Async:
    Async started = false
     Async result = null

Resolved Exception:
             Type = null

ModelAndView:
        View name = null
             View = null
            Model = null

FlashMap:
       Attributes = null

MockHttpServletResponse:
           Status = 200
    Error message = null
          Headers = [Vary:"Origin", "Access-Control-Request-Method", "Access-Control-Request-Headers", Content-Type:"application/json", X-Content-Type-Options:"nosniff", X-XSS-Protection:"0", Cache-Control:"no-cache, no-store, max-age=0, must-revalidate", Pragma:"no-cache", Expires:"0", X-Frame-Options:"DENY"]
     Content type = application/json
             Body = {"id":1,"username":"car","password":null,"jwtToken":"eyJhbGciOiJSUzI1NiJ9.eyJpc3MiOiJzZWxmIiwic3ViIjoiY2FyIiwiaWF0IjoxNzAxNTI3NzkyLCJyb2xlcyI6IlVTRVIifQ.ECW1IInOhnQNzGTJjeySki_5wBSzsU2iFaddHwETb2kJUh_oSjTKmb4Db4p5MC6JCUUG80yWqCJNngoyWy1I2IQN0jvXWJgWYJ5NcT06T2PcdxLOC9VWWFixJthosNo2tMYPWNnZ1x8Iji3XbWjP-7nNBgPRbLBm5HJaU9Bx5e-nSHa_VSZ3kYvNOny-Tv4-R3QvXZSGKfcnU7kckfLc0j3ozICCPi3boFyS0m7FNRPOasGYUHk0WKZEYRR3NxnZ5hluG8THhL7mg4xN4dnJYKfMMF9meBMJliNN946-G6mE95HcjTxLroiqtJUu9fvIhQl82ZNqsAC3Z_i8Tv9xjA"}
    Forwarded URL = null
   Redirected URL = null
          Cookies = []
]]></system-out>
  </testcase>
  <testcase name="WhenCreateNewCategory_MustReturnProductCategoryDto" classname="com.lord.arbam.CategoryControllerTest" time="0.017">
    <system-out><![CDATA[2023-12-02T10:36:32.194-04:00  INFO 8484 --- [           main] c.l.a.s.ProductCategoryServiceImpl       : Creando nueva categoria
]]></system-out>
  </testcase>
</testsuite>